Traceback (most recent call last):
  File "/home/gslee/anaconda3/lib/python3.10/site-packages/jupyter_cache/executors/utils.py", line 58, in single_nb_execution
    executenb(
  File "/home/gslee/anaconda3/lib/python3.10/site-packages/nbclient/client.py", line 1204, in execute
    return NotebookClient(nb=nb, resources=resources, km=km, **kwargs).execute()
  File "/home/gslee/anaconda3/lib/python3.10/site-packages/nbclient/util.py", line 84, in wrapped
    return just_run(coro(*args, **kwargs))
  File "/home/gslee/anaconda3/lib/python3.10/site-packages/nbclient/util.py", line 62, in just_run
    return loop.run_until_complete(coro)
  File "/home/gslee/anaconda3/lib/python3.10/asyncio/base_events.py", line 649, in run_until_complete
    return future.result()
  File "/home/gslee/anaconda3/lib/python3.10/site-packages/nbclient/client.py", line 663, in async_execute
    await self.async_execute_cell(
  File "/home/gslee/anaconda3/lib/python3.10/site-packages/nbclient/client.py", line 965, in async_execute_cell
    await self._check_raise_for_error(cell, cell_index, exec_reply)
  File "/home/gslee/anaconda3/lib/python3.10/site-packages/nbclient/client.py", line 862, in _check_raise_for_error
    raise CellExecutionError.from_cell_and_msg(cell, exec_reply_content)
nbclient.exceptions.CellExecutionError: An error occurred while executing the following cell:
------------------
age_list = []               # ë‚˜ì´ ì •ë³´ë§Œ ì €ìž¥í•  ë¦¬ìŠ¤íŠ¸
for person in info_list:
    age_list.append(info[2])

age_list.count(21)          # 21ì‚´ì¸ ì‚¬ëžŒì˜ ìˆ˜ í™•ì¸
------------------

[0;31m---------------------------------------------------------------------------[0m
[0;31mNameError[0m                                 Traceback (most recent call last)
Cell [0;32mIn[154], line 3[0m
[1;32m      1[0m age_list [38;5;241m=[39m []               [38;5;66;03m# ë‚˜ì´ ì •ë³´ë§Œ ì €ìž¥í•  ë¦¬ìŠ¤íŠ¸[39;00m
[1;32m      2[0m [38;5;28;01mfor[39;00m person [38;5;129;01min[39;00m info_list:
[0;32m----> 3[0m     age_list[38;5;241m.[39mappend([43minfo[49m[[38;5;241m2[39m])
[1;32m      5[0m age_list[38;5;241m.[39mcount([38;5;241m21[39m)

[0;31mNameError[0m: name 'info' is not defined
NameError: name 'info' is not defined

